.NET 2 8 8 16 ASP.NET 6
.NET 2 8 8 16 AZURE 22
.NET 2 8 8 16 C# 63
.NET 2 8 8 16 ENTITY-FRAMEWORK 3
.NET 2 8 8 16 LINQ 22
.NET 2 8 8 16 SQL-SERVER 33
.NET 2 8 8 16 WCF 29
.NET 2 8 8 16 WPF 4
AGILE 12 0 1 1 TDD 38
AJAX 6 6 5 11 CODEIGNITER 3
AJAX 6 6 5 11 CSS 28
AJAX 6 6 5 11 JAVASCRIPT 3
AJAX 6 6 5 11 JQUERY 6
AJAX 6 6 5 11 PHP 4
AMAZON-WEB-SERVICES 9 4 4 8 AZURE 3
AMAZON-WEB-SERVICES 9 4 4 8 CLOUD 3
AMAZON-WEB-SERVICES 9 4 4 8 DEVOPS 3
AMAZON-WEB-SERVICES 9 4 4 8 DOCKER 33
ANDROID 4 1 3 4 ANDROID-STUDIO 35
ANDROID 4 1 3 4 IOS 5
ANDROID 4 1 3 4 JAVA 52
ANGULAR 7 1 1 2 TYPESCRIPT 4
ANGULAR2 7 2 1 3 ANGULARJS 27
ANGULARJS 6 8 12 20 ANGULAR2 27
ANGULARJS 6 8 12 20 ASP.NET-WEB-API 3
ANGULARJS 6 8 12 20 CSS 23
ANGULARJS 6 8 12 20 HTML5 24
ANGULARJS 6 8 12 20 IONIC-FRAMEWORK 31
ANGULARJS 6 8 12 20 JAVASCRIPT 5
ANGULARJS 6 8 12 20 JQUERY 4
ANGULARJS 6 8 12 20 MONGODB 33
ANGULARJS 6 8 12 20 NODE.JS 6
ANGULARJS 6 8 12 20 REACTJS 4
ANGULARJS 6 8 12 20 SASS 21
ANGULARJS 6 8 12 20 TWITTER-BOOTSTRAP 25
APACHE 5 3 2 5 MYSQL 30
APACHE 5 3 2 5 NGINX 50
APACHE-SPARK 10 2 2 4 HADOOP 7
APACHE-SPARK 10 2 2 4 SCALA 6
API 8 1 1 2 REST 23
ASP.NET 2 11 7 18 .NET 6
ASP.NET 2 11 7 18 ASP.NET-WEB-API 6
ASP.NET 2 11 7 18 C# 2
ASP.NET 2 11 7 18 LINQ 33
ASP.NET 2 11 7 18 MVC 24
ASP.NET 2 11 7 18 SQL 1
ASP.NET 2 11 7 18 WCF 42
ASP.NET-WEB-API 2 7 7 14 ANGULARJS 3
ASP.NET-WEB-API 2 7 7 14 ASP.NET 6
ASP.NET-WEB-API 2 7 7 14 AZURE 23
ASP.NET-WEB-API 2 7 7 14 C# 28
ASP.NET-WEB-API 2 7 7 14 ENTITY-FRAMEWORK 4
ASP.NET-WEB-API 2 7 7 14 SQL-SERVER 4
ASP.NET-WEB-API 2 7 7 14 WCF 29
AZURE 2 4 5 9 .NET 22
AZURE 2 4 5 9 AMAZON-WEB-SERVICES 3
AZURE 2 4 5 9 ASP.NET 25
AZURE 2 4 5 9 ASP.NET-WEB-API 23
AZURE 2 4 5 9 C# 3
BASH 5 3 3 6 GIT 28
BASH 5 3 3 6 LINUX 5
BASH 5 3 3 6 SHELL 3
BOOTSTRAP 6 2 2 4 CSS 3
BOOTSTRAP 6 2 2 4 JQUERY 23
C 1 3 4 7 C++ 9
C 1 3 4 7 EMBEDDED 29
C 1 3 4 7 JAVA 4
C 1 3 4 7 PYTHON 23
C# 2 13 10 23 .NET 63
C# 2 13 10 23 ASP.NET-WEB-API 28
C# 2 13 10 23 AZURE 3
C# 2 13 10 23 ENTITY-FRAMEWORK 32
C# 2 13 10 23 SQL-SERVER 6
C# 2 13 10 23 UNITY3D 26
C# 2 13 10 23 VISUAL-STUDIO 4
C# 2 13 10 23 WCF 30
C# 2 13 10 23 WPF 5
C# 2 13 10 23 XAMARIN 26
C++ 1 3 4 7 C 9
C++ 1 3 4 7 JAVA 24
C++ 1 3 4 7 PYTHON 25
C++ 1 3 4 7 QT 31
CLOUD 9 1 1 2 AMAZON-WEB-SERVICES 3
CODEIGNITER 6 6 5 11 JQUERY 28
CODEIGNITER 6 6 5 11 LARAVEL 33
CODEIGNITER 6 6 5 11 MYSQL 24
CODEIGNITER 6 6 5 11 PHP 5
CODEIGNITER 6 6 5 11 WORDPRESS 4
CSS 6 11 10 21 AJAX 28
CSS 6 11 10 21 BOOTSTRAP 3
CSS 6 11 10 21 HTML 14
CSS 6 11 10 21 HTML5 10
CSS 6 11 10 21 JAVASCRIPT 9
CSS 6 11 10 21 JQUERY 8
CSS 6 11 10 21 LESS 26
CSS 6 11 10 21 PHP 52
CSS 6 11 10 21 SASS 5
CSS 6 11 10 21 WORDPRESS 32
DEVOPS 9 3 3 6 AMAZON-WEB-SERVICES 3
DEVOPS 9 3 3 6 DOCKER 26
DEVOPS 9 3 3 6 JENKINS 25
DJANGO 1 3 2 5 POSTGRESQL 3
DJANGO 1 3 2 5 PYTHON 51
DOCKER 9 4 4 8 AMAZON-WEB-SERVICES 33
DOCKER 9 4 4 8 DEVOPS 26
DOCKER 9 4 4 8 GO 29
DOCKER 9 4 4 8 JENKINS 28
DRUPAL 6 1 1 2 WORDPRESS 26
ELASTICSEARCH 3 2 1 3 REDIS 30
ENTITY-FRAMEWORK 2 6 6 12 .NET 3
ENTITY-FRAMEWORK 2 6 6 12 ASP.NET-WEB-API 4
ENTITY-FRAMEWORK 2 6 6 12 C# 32
ENTITY-FRAMEWORK 2 6 6 12 SQL-SERVER 4
ENTITY-FRAMEWORK 2 6 6 12 WCF 4
ENTITY-FRAMEWORK 2 6 6 12 WPF 25
EXCEL 14 1 2 3 EXCEL-VBA 6
EXCEL 14 1 2 3 VBA 6
EXCEL-VBA 14 1 1 2 EXCEL 6
EXPRESS 3 4 3 7 MONGODB 6
EXPRESS 3 4 3 7 NODE.JS 60
EXPRESS 3 4 3 7 REACTJS 33
FLASK 1 1 2 3 DJANGO 5
FLASK 1 1 2 3 PYTHON 26
GIT 5 4 4 8 BASH 28
GIT 5 4 4 8 GITHUB 7
GIT 5 4 4 8 JENKINS 24
GIT 5 4 4 8 LINUX 4
GITHUB 5 1 1 2 GIT 7
GO 9 1 1 2 DOCKER 29
HADOOP 10 2 1 3 APACHE-SPARK 7
HASKELL 10 1 1 2 SCALA 24
HIBERNATE 8 7 9 16 JAVA 4
HIBERNATE 8 7 9 16 JAVA-EE 5
HIBERNATE 8 7 9 16 JSP 40
HIBERNATE 8 7 9 16 MAVEN 35
HIBERNATE 8 7 9 16 REST 23
HIBERNATE 8 7 9 16 SPRING 11
HIBERNATE 8 7 9 16 SPRING-BOOT 31
HIBERNATE 8 7 9 16 SPRING-MVC 65
HIBERNATE 8 7 9 16 WEB-SERVICES 22
HTML 6 6 5 11 CSS 14
HTML 6 6 5 11 JQUERY 5
HTML 6 6 5 11 MYSQL 3
HTML 6 6 5 11 PHP 6
HTML 6 6 5 11 SASS 25
HTML5 6 7 8 15 CSS 10
HTML5 6 7 8 15 JAVASCRIPT 6
HTML5 6 7 8 15 JQUERY 6
HTML5 6 7 8 15 PHP 33
HTML5 6 7 8 15 SASS 33
HTML5 6 7 8 15 TWITTER-BOOTSTRAP 27
HTML5 6 7 8 15 TWITTER-BOOTSTRAP-3 23
HTML5 6 7 8 15 WORDPRESS 23
IONIC-FRAMEWORK 6 1 1 2 ANGULARJS 31
IOS 4 6 4 10 IPHONE 7
IOS 4 6 4 10 OSX 31
IOS 4 6 4 10 SWIFT 10
IOS 4 6 4 10 XCODE 6
IPHONE 4 4 3 7 IOS 7
IPHONE 4 4 3 7 SWIFT 5
IPHONE 4 4 3 7 XCODE 4
JAVA 8 7 7 14 ANDROID 52
JAVA 8 7 7 14 C 4
JAVA 8 7 7 14 C++ 24
JAVA 8 7 7 14 HIBERNATE 4
JAVA 8 7 7 14 JAVA-EE 26
JAVA 8 7 7 14 JSP 23
JAVA 8 7 7 14 SPRING-MVC 26
JAVA-EE 8 3 3 6 HIBERNATE 5
JAVA-EE 8 3 3 6 JAVA 26
JAVA-EE 8 3 3 6 SPRING-MVC 29
JAVASCRIPT 6 10 8 18 AJAX 3
JAVASCRIPT 6 10 8 18 ANGULARJS 5
JAVASCRIPT 6 10 8 18 CSS 9
JAVASCRIPT 6 10 8 18 HTML 7
JAVASCRIPT 6 10 8 18 JQUERY 7
JAVASCRIPT 6 10 8 18 PHP 1
JAVASCRIPT 6 10 8 18 REACTJS 4
JAVASCRIPT 6 10 8 18 TWITTER-BOOTSTRAP 21
JENKINS 9 3 3 6 DEVOPS 25
JENKINS 9 3 3 6 DOCKER 28
JENKINS 9 3 3 6 GIT 24
JQUERY 6 14 14 28 AJAX 6
JQUERY 6 14 14 28 ANGULARJS 4
JQUERY 6 14 14 28 ASP.NET 30
JQUERY 6 14 14 28 BOOTSTRAP 23
JQUERY 6 14 14 28 CODEIGNITER 28
JQUERY 6 14 14 28 CSS 8
JQUERY 6 14 14 28 HTML 5
JQUERY 6 14 14 28 HTML5 6
JQUERY 6 14 14 28 JAVASCRIPT 7
JQUERY 6 14 14 28 JSON 3
JQUERY 6 14 14 28 MYSQL 5
JQUERY 6 14 14 28 PHP 48
JQUERY 6 14 14 28 SASS 3
JQUERY 6 14 14 28 TWITTER-BOOTSTRAP-3 22
JSON 6 2 3 5 AJAX 4
JSON 6 2 3 5 JQUERY 3
JSON 6 2 3 5 REST 26
JSP 8 4 3 7 HIBERNATE 40
JSP 8 4 3 7 JAVA 23
JSP 8 4 3 7 SPRING 4
LARAVEL 6 4 4 8 CODEIGNITER 33
LARAVEL 6 4 4 8 MYSQL 3
LARAVEL 6 4 4 8 PHP 6
LARAVEL 6 4 4 8 VUE.JS 4
LESS 6 2 1 3 CSS 26
LINQ 2 5 6 11 .NET 22
LINQ 2 5 6 11 ASP.NET 33
LINQ 2 5 6 11 C# 26
LINQ 2 5 6 11 ENTITY-FRAMEWORK 6
LINQ 2 5 6 11 SQL-SERVER 21
LINQ 2 5 6 11 WPF 27
LINUX 5 7 9 16 APACHE 29
LINUX 5 7 9 16 BASH 5
LINUX 5 7 9 16 GIT 4
LINUX 5 7 9 16 NGINX 22
LINUX 5 7 9 16 OSX 3
LINUX 5 7 9 16 PYTHON 3
LINUX 5 7 9 16 SHELL 22
LINUX 5 7 9 16 UBUNTU 31
LINUX 5 7 9 16 UNIX 26
MACHINE-LEARNING 1 2 1 3 R 3
MATLAB 1 1 1 2 R 21
MAVEN 8 3 3 6 HIBERNATE 35
MAVEN 8 3 3 6 SPRING 5
MAVEN 8 3 3 6 SPRING-MVC 26
MONGODB 3 6 7 13 ANGULARJS 33
MONGODB 3 6 7 13 ELASTICSEARCH 3
MONGODB 3 6 7 13 EXPRESS 6
MONGODB 3 6 7 13 MYSQL 4
MONGODB 3 6 7 13 POSTGRESQL 24
MONGODB 3 6 7 13 REACTJS 1
MONGODB 3 6 7 13 REDIS 35
MVC 2 1 1 2 ASP.NET 24
MYSQL 6 8 9 17 AJAX 3
MYSQL 6 8 9 17 APACHE 30
MYSQL 6 8 9 17 CODEIGNITER 24
MYSQL 6 8 9 17 CSS 28
MYSQL 6 8 9 17 HTML 3
MYSQL 6 8 9 17 JQUERY 5
MYSQL 6 8 9 17 LARAVEL 3
MYSQL 6 8 9 17 MONGODB 4
MYSQL 6 8 9 17 PHP 8
NGINX 5 3 3 6 APACHE 50
NGINX 5 3 3 6 LINUX 22
NGINX 5 3 3 6 REDIS 28
NODE.JS 3 5 5 10 ANGULARJS 6
NODE.JS 3 5 5 10 EXPRESS 60
NODE.JS 3 5 5 10 JAVASCRIPT 5
NODE.JS 3 5 5 10 MONGODB 7
NODE.JS 3 5 5 10 REACTJS 56
OBJECTIVE-C 4 3 5 8 IOS 9
OBJECTIVE-C 4 3 5 8 IPHONE 6
OBJECTIVE-C 4 3 5 8 OSX 26
OBJECTIVE-C 4 3 5 8 SWIFT 9
OBJECTIVE-C 4 3 5 8 XCODE 5
ORACLE 2 2 2 4 PLSQL 6
ORACLE 2 2 2 4 SQL 3
OSX 4 4 3 7 IOS 31
OSX 4 4 3 7 LINUX 3
OSX 4 4 3 7 OBJECTIVE-C 26
PERL 13 1 1 2 REGEX 22
PHP 6 10 7 17 AJAX 4
PHP 6 10 7 17 CODEIGNITER 5
PHP 6 10 7 17 HTML 6
PHP 6 10 7 17 JAVASCRIPT 1
PHP 6 10 7 17 JQUERY 48
PHP 6 10 7 17 LARAVEL 6
PHP 6 10 7 17 MYSQL 8
PLSQL 2 2 2 4 ORACLE 6
PLSQL 2 2 2 4 SQL 24
POSTGRESQL 3 5 4 9 DJANGO 3
POSTGRESQL 3 5 4 9 MYSQL 27
POSTGRESQL 3 5 4 9 REDIS 4
POSTGRESQL 3 5 4 9 RUBY 3
PYTHON 1 6 5 11 C 23
PYTHON 1 6 5 11 DJANGO 51
PYTHON 1 6 5 11 FLASK 26
PYTHON 1 6 5 11 LINUX 3
PYTHON 1 6 5 11 MACHINE-LEARNING 4
QT 1 1 1 2 C++ 31
R 1 2 3 5 MACHINE-LEARNING 3
R 1 2 3 5 MATLAB 21
R 1 2 3 5 PYTHON 4
REACT-NATIVE 3 1 3 4 NODE.JS 3
REACT-NATIVE 3 1 3 4 REACTJS 7
REACT-NATIVE 3 1 3 4 REDUX 26
REACTJS 3 7 7 14 EXPRESS 33
REACTJS 3 7 7 14 JAVASCRIPT 4
REACTJS 3 7 7 14 MONGODB 1
REACTJS 3 7 7 14 NODE.JS 56
REACTJS 3 7 7 14 REACT-NATIVE 7
REACTJS 3 7 7 14 REDUX 8
REACTJS 3 7 7 14 SASS 1
REDIS 3 4 4 8 ELASTICSEARCH 30
REDIS 3 4 4 8 MONGODB 35
REDIS 3 4 4 8 NGINX 28
REDIS 3 4 4 8 POSTGRESQL 4
REDUX 3 2 2 4 EXPRESS 23
REDUX 3 2 2 4 NODE.JS 3
REGEX 13 1 1 2 PERL 22
REST 8 5 4 9 API 23
REST 8 5 4 9 HIBERNATE 23
REST 8 5 4 9 SPRING 4
REST 8 5 4 9 WEB-SERVICES 4
RUBY 3 1 2 3 POSTGRESQL 3
RUBY 3 1 2 3 RUBY-ON-RAILS 11
RUBY-ON-RAILS 3 1 1 2 POSTGRESQL 4
SASS 6 7 7 14 CSS 5
SASS 6 7 7 14 HTML 25
SASS 6 7 7 14 HTML5 33
SASS 6 7 7 14 JAVASCRIPT 25
SASS 6 7 7 14 JQUERY 3
SASS 6 7 7 14 LESS 62
SASS 6 7 7 14 REACTJS 1
SCALA 10 2 3 5 APACHE-SPARK 6
SCALA 10 2 3 5 HADOOP 3
SCALA 10 2 3 5 HASKELL 24
SELENIUM 11 0 1 1 TESTING 35
SHELL 5 2 1 3 BASH 3
SPRING 8 7 6 13 JSP 4
SPRING 8 7 6 13 MAVEN 5
SPRING 8 7 6 13 REST 4
SPRING 8 7 6 13 SPRING-BOOT 7
SPRING 8 7 6 13 SPRING-MVC 64
SPRING 8 7 6 13 WEB-SERVICES 3
SPRING-BOOT 8 3 1 4 SPRING 7
SPRING-MVC 8 5 7 12 HIBERNATE 65
SPRING-MVC 8 5 7 12 JAVA 26
SPRING-MVC 8 5 7 12 JAVA-EE 29
SPRING-MVC 8 5 7 12 JSP 3
SPRING-MVC 8 5 7 12 MAVEN 26
SPRING-MVC 8 5 7 12 SPRING 64
SPRING-MVC 8 5 7 12 SPRING-BOOT 7
SQL 2 4 4 8 ASP.NET 1
SQL 2 4 4 8 C# 27
SQL 2 4 4 8 ORACLE 3
SQL 2 4 4 8 PLSQL 24
SQL-SERVER 2 6 8 14 .NET 33
SQL-SERVER 2 6 8 14 ASP.NET 7
SQL-SERVER 2 6 8 14 ASP.NET-WEB-API 4
SQL-SERVER 2 6 8 14 C# 6
SQL-SERVER 2 6 8 14 ENTITY-FRAMEWORK 4
SQL-SERVER 2 6 8 14 LINQ 21
SQL-SERVER 2 6 8 14 SQL 25
SQL-SERVER 2 6 8 14 WCF 4
SWIFT 4 4 4 8 IOS 10
SWIFT 4 4 4 8 IPHONE 5
SWIFT 4 4 4 8 OBJECTIVE-C 9
SWIFT 4 4 4 8 XCODE 6
TWITTER-BOOTSTRAP 6 3 4 7 ANGULARJS 25
TWITTER-BOOTSTRAP 6 3 4 7 HTML5 27
TWITTER-BOOTSTRAP 6 3 4 7 JAVASCRIPT 21
TWITTER-BOOTSTRAP 6 3 4 7 SASS 3
TWITTER-BOOTSTRAP-3 6 2 2 4 HTML5 23
TWITTER-BOOTSTRAP-3 6 2 2 4 JQUERY 22
TYPESCRIPT 7 1 2 3 ANGULAR 4
TYPESCRIPT 7 1 2 3 ANGULAR2 5
UBUNTU 5 1 1 2 LINUX 31
UNITY3D 2 1 1 2 C# 26
VB.NET 2 0 1 1 ASP.NET 25
VISUAL-STUDIO 2 1 1 2 C# 4
VUE.JS 6 1 1 2 LARAVEL 4
WCF 2 7 7 14 .NET 29
WCF 2 7 7 14 ASP.NET 42
WCF 2 7 7 14 ASP.NET-WEB-API 29
WCF 2 7 7 14 C# 30
WCF 2 7 7 14 LINQ 4
WCF 2 7 7 14 SQL-SERVER 4
WCF 2 7 7 14 WPF 6
WEB-SERVICES 8 3 3 6 HIBERNATE 22
WEB-SERVICES 8 3 3 6 REST 4
WEB-SERVICES 8 3 3 6 SPRING 3
WINDOWS 5 0 3 3 LINUX 31
WINDOWS 5 0 3 3 OSX 22
WINDOWS 5 0 3 3 POWERSHELL 3
WORDPRESS 6 4 6 10 CODEIGNITER 4
WORDPRESS 6 4 6 10 CSS 32
WORDPRESS 6 4 6 10 DRUPAL 26
WORDPRESS 6 4 6 10 HTML5 23
WORDPRESS 6 4 6 10 JQUERY 4
WORDPRESS 6 4 6 10 PHP 5
WPF 2 5 6 11 .NET 4
WPF 2 5 6 11 ASP.NET 4
WPF 2 5 6 11 C# 5
WPF 2 5 6 11 ENTITY-FRAMEWORK 25
WPF 2 5 6 11 LINQ 27
WPF 2 5 6 11 WCF 6
XAMARIN 2 1 1 2 C# 26
XCODE 4 4 4 8 IOS 6
XCODE 4 4 4 8 IPHONE 4
XCODE 4 4 4 8 OBJECTIVE-C 5
XCODE 4 4 4 8 SWIFT 6
XML 6 0 1 1 JSON 44
